{
  "RSpec": {
    "coverage": {
      "/Users/djnewman/Documents/Code/cmr-opensearch-mimemagic/app/controllers/collections_controller.rb": {
        "lines": [
          1,
          1,
          1,
          1,
          null,
          null,
          1,
          4,
          null,
          4,
          null,
          4,
          2,
          2,
          null,
          null,
          2,
          4,
          2,
          2,
          null,
          null,
          null,
          1,
          3,
          null,
          3,
          null,
          3,
          2,
          2,
          null,
          null,
          1,
          2,
          1,
          1,
          null,
          null,
          null,
          null,
          1,
          50,
          50,
          null,
          50,
          50,
          4,
          null,
          46,
          null,
          null,
          50,
          50,
          50,
          50,
          50,
          50,
          50,
          50,
          50,
          50,
          null,
          50,
          50,
          50,
          50,
          50,
          50,
          null,
          49,
          49,
          49,
          9,
          null,
          49,
          null,
          48,
          48,
          null,
          48,
          1,
          1,
          null,
          null,
          null,
          1,
          null,
          null,
          50,
          50,
          48,
          47,
          9,
          null,
          47,
          47,
          null,
          1,
          0,
          0,
          null,
          1,
          1,
          null,
          1,
          null,
          null,
          null,
          null,
          50,
          null,
          null,
          49,
          null,
          null,
          1,
          null,
          1,
          50,
          null,
          null,
          null
        ]
      },
      "/Users/djnewman/Documents/Code/cmr-opensearch-mimemagic/app/controllers/application_controller.rb": {
        "lines": [
          1,
          1,
          null,
          1,
          76,
          76,
          76,
          76,
          null,
          76,
          null,
          null,
          1,
          76,
          76,
          76,
          76,
          578,
          76,
          null,
          null,
          1,
          0,
          0,
          0,
          null,
          null,
          0,
          null,
          null,
          1,
          null,
          1,
          78,
          null,
          null,
          78,
          null,
          10,
          null,
          10,
          10,
          10,
          null,
          null,
          78,
          78,
          78,
          null,
          null,
          78,
          78,
          24,
          24,
          null,
          78,
          54,
          null,
          null,
          null,
          1,
          78,
          78,
          78,
          78,
          78,
          78,
          78,
          78,
          78,
          null,
          78,
          78,
          null,
          null,
          78,
          78,
          78,
          78,
          78,
          null,
          null,
          null
        ]
      },
      "/Users/djnewman/Documents/Code/cmr-opensearch-mimemagic/app/controllers/granules_controller.rb": {
        "lines": [
          1,
          1,
          1,
          1,
          null,
          null,
          1,
          15,
          null,
          15,
          15,
          15,
          15,
          null,
          15,
          15,
          14,
          10,
          10,
          9,
          9,
          9,
          9,
          9,
          9,
          null,
          0,
          0,
          0,
          null,
          null,
          1,
          1,
          1,
          null,
          null,
          4,
          4,
          null,
          null,
          null,
          1,
          2,
          1,
          1,
          null,
          null,
          null,
          null,
          null,
          null,
          1,
          null,
          28,
          null,
          null,
          null,
          28,
          28,
          null,
          28,
          28,
          null,
          28,
          28,
          28,
          28,
          28,
          null,
          4,
          null,
          24,
          null,
          null,
          null,
          null,
          null,
          28,
          23,
          null,
          22,
          22,
          null,
          22,
          3,
          3,
          null,
          null,
          null,
          null,
          null,
          1,
          null,
          28,
          28,
          20,
          20,
          19,
          19,
          null,
          1,
          0,
          0,
          0,
          null,
          0,
          null,
          null,
          1,
          null,
          1,
          null,
          null,
          null,
          null,
          28,
          8,
          4,
          null,
          null,
          null,
          27,
          null,
          null,
          null,
          null,
          null,
          null,
          null,
          null,
          1,
          null,
          1,
          28,
          null,
          28,
          28,
          null,
          null,
          null,
          null,
          null,
          null,
          1,
          28,
          28,
          4,
          null,
          28,
          null,
          null
        ]
      },
      "/Users/djnewman/Documents/Code/cmr-opensearch-mimemagic/app/controllers/health_controller.rb": {
        "lines": [
          1,
          1,
          null,
          1,
          2,
          2,
          2,
          2,
          2,
          null,
          null,
          null,
          null
        ]
      },
      "/Users/djnewman/Documents/Code/cmr-opensearch-mimemagic/app/controllers/home_controller.rb": {
        "lines": [
          1,
          null,
          1,
          0,
          null,
          null,
          1,
          null,
          null,
          null,
          1,
          null,
          null,
          null
        ]
      },
      "/Users/djnewman/Documents/Code/cmr-opensearch-mimemagic/app/models/ceos_agency.rb": {
        "lines": [
          1,
          1,
          null,
          null,
          null,
          null,
          null,
          null,
          null,
          1,
          25,
          25,
          25,
          null,
          null,
          null,
          null,
          null,
          null,
          null,
          null,
          null,
          null,
          null,
          null,
          null,
          1,
          2,
          2,
          null,
          2,
          2,
          2,
          22,
          22,
          22,
          29,
          2,
          null,
          29,
          null,
          null,
          null,
          2,
          2,
          2,
          null,
          2,
          2,
          null,
          null,
          0,
          null,
          null,
          null,
          2,
          null,
          null,
          null,
          null,
          null,
          null,
          null,
          null,
          null,
          null,
          null,
          null,
          null,
          1,
          3,
          3,
          24,
          24,
          null,
          3,
          null,
          null
        ]
      },
      "/Users/djnewman/Documents/Code/cmr-opensearch-mimemagic/app/models/client_id.rb": {
        "lines": [
          1,
          1,
          1,
          1,
          null,
          1,
          1,
          null,
          null,
          1,
          50,
          112,
          null,
          null,
          null,
          1,
          0,
          null,
          null
        ]
      },
      "/Users/djnewman/Documents/Code/cmr-opensearch-mimemagic/app/models/collection.rb": {
        "lines": [
          1,
          null,
          1,
          1,
          null,
          1,
          49,
          49,
          49,
          49,
          49,
          49,
          49,
          49,
          null,
          48,
          null,
          48,
          48,
          null,
          48,
          48,
          null,
          48,
          48,
          null,
          null,
          null,
          1,
          1,
          null,
          1,
          25,
          10,
          10,
          10,
          261,
          261,
          261,
          261,
          261,
          261,
          261,
          null,
          10,
          null,
          null,
          1,
          null,
          null,
          null,
          1,
          null,
          60,
          60,
          60,
          null,
          60,
          1647,
          60,
          null,
          1647,
          394,
          394,
          394,
          394,
          394,
          394,
          394,
          394,
          394,
          394,
          394,
          394,
          394,
          394,
          394,
          394,
          394,
          null,
          394,
          394,
          394,
          null,
          15178,
          15178,
          null,
          15178,
          null,
          15178,
          null,
          15178,
          15178,
          null,
          15178,
          15178,
          15178,
          15178,
          15178,
          15178,
          15178,
          15178,
          15178,
          15178,
          15178,
          15178,
          null,
          15178,
          15178,
          15178,
          236,
          236,
          236,
          236,
          null,
          null,
          null,
          394,
          394,
          296,
          296,
          null,
          null,
          394,
          14,
          14,
          null,
          380,
          34,
          null,
          380,
          106,
          106,
          36,
          36,
          36,
          null,
          70,
          70,
          70,
          null,
          null,
          null,
          null,
          394,
          null,
          394,
          394,
          null,
          394,
          6110,
          null,
          394,
          394,
          394,
          394,
          394,
          null,
          null,
          null,
          null,
          60,
          60,
          60,
          60,
          60,
          60,
          60,
          60,
          60,
          60,
          null,
          60,
          null,
          null,
          null,
          null,
          null,
          1,
          175,
          175,
          175,
          175,
          463,
          null,
          175,
          83,
          null,
          null,
          175,
          null,
          null,
          null,
          null,
          null,
          1,
          15166,
          15166,
          236,
          236,
          236,
          14,
          null,
          14,
          null,
          null,
          null,
          15166,
          null,
          null,
          null,
          null,
          1,
          218,
          218,
          218,
          218,
          648,
          null,
          218,
          20,
          null,
          null,
          218,
          null,
          null,
          null,
          null,
          null,
          1,
          394,
          394,
          394,
          394,
          394,
          379,
          null,
          4,
          null,
          379,
          194,
          220,
          6,
          6,
          null,
          null,
          null,
          null,
          394,
          null,
          null,
          null,
          null,
          1,
          235,
          235,
          235,
          235,
          669,
          null,
          235,
          21,
          null,
          null,
          235,
          null,
          null,
          null,
          null,
          1,
          235,
          235,
          235,
          235,
          670,
          null,
          235,
          1,
          null,
          null,
          235,
          null,
          null,
          null,
          1,
          0,
          0,
          0,
          0,
          null,
          0,
          0,
          0,
          null,
          null,
          1,
          51,
          51,
          51,
          51,
          51,
          51,
          51,
          51,
          51,
          null,
          null,
          51,
          51,
          51,
          null,
          51,
          null,
          51,
          0,
          0,
          null,
          null,
          51,
          0,
          0,
          null,
          null,
          51,
          0,
          0,
          null,
          null,
          51,
          null,
          51,
          51,
          1,
          1,
          null,
          null,
          51,
          51,
          null,
          null,
          1,
          20,
          20,
          20,
          20,
          null,
          null,
          1,
          10,
          10,
          10,
          10,
          null,
          null,
          1,
          21,
          21,
          21,
          21,
          null,
          null,
          1,
          1,
          1,
          1,
          1,
          null,
          null,
          null,
          1,
          28,
          28,
          660,
          10,
          10,
          null,
          null,
          28,
          null,
          null
        ]
      },
      "/Users/djnewman/Documents/Code/cmr-opensearch-mimemagic/app/models/metadata.rb": {
        "lines": [
          1,
          1,
          null,
          1,
          null,
          1,
          null,
          1,
          1,
          null,
          1,
          null,
          null,
          null,
          null,
          null,
          null,
          1,
          null,
          null,
          null,
          null,
          null,
          null,
          1,
          1,
          1,
          null,
          1,
          1,
          1,
          null,
          1,
          1,
          1,
          1,
          1,
          1,
          1,
          1,
          1,
          null,
          null,
          1,
          1,
          1,
          null,
          1,
          null,
          null,
          1,
          1,
          1,
          1,
          null,
          1,
          null,
          1,
          null,
          1,
          298,
          298,
          588,
          585,
          null,
          null,
          3,
          3,
          null,
          null,
          null,
          null,
          1,
          0,
          null,
          null,
          1,
          238,
          0,
          null,
          null,
          null,
          1,
          238,
          1,
          null,
          null,
          null,
          1,
          238,
          238,
          null,
          2,
          null,
          null,
          238,
          238,
          null,
          2,
          null,
          null,
          null,
          1,
          238,
          10,
          10,
          10,
          8,
          8,
          8,
          8,
          null,
          2,
          null,
          null,
          null,
          null,
          1,
          238,
          18,
          18,
          6,
          null,
          12,
          12,
          12,
          12,
          null,
          null,
          null,
          null,
          1,
          238,
          14,
          14,
          14,
          null,
          null,
          null,
          1,
          16,
          16,
          16,
          0,
          0,
          null,
          16,
          4,
          4,
          null,
          null,
          16,
          null,
          null,
          1,
          20,
          20,
          null,
          20,
          0,
          0,
          null,
          20,
          4,
          4,
          null,
          null,
          20,
          null,
          null,
          1,
          70,
          null,
          null,
          1,
          31,
          31,
          31,
          639,
          639,
          639,
          639,
          639,
          639,
          639,
          639,
          639,
          639,
          639,
          189,
          189,
          189,
          189,
          189,
          189,
          189,
          189,
          31,
          null,
          158,
          null,
          null,
          null,
          null,
          31,
          null,
          null,
          null,
          1,
          null,
          89,
          null,
          89,
          89,
          89,
          89,
          89,
          89,
          89,
          89,
          null,
          89,
          89,
          89,
          1241,
          89,
          89,
          1152,
          574,
          null,
          null,
          null,
          89,
          null,
          89,
          null,
          89,
          null,
          null,
          89,
          null,
          89,
          89,
          89,
          89,
          80,
          80,
          80,
          80,
          null,
          80,
          23,
          null,
          57,
          57,
          null,
          80,
          80,
          80,
          null,
          89,
          null,
          null,
          1,
          61,
          null,
          null,
          null,
          1,
          90,
          null,
          90,
          52,
          52,
          52,
          null,
          null,
          90,
          90,
          90,
          90,
          90,
          null,
          90,
          90,
          null,
          90,
          null,
          90,
          0,
          0,
          0,
          0,
          null,
          null,
          90,
          0,
          0,
          0,
          null,
          null,
          90,
          0,
          0,
          0,
          null,
          null,
          90,
          null,
          90,
          10,
          null,
          null,
          null,
          null,
          90,
          null,
          null,
          null,
          1,
          0,
          0,
          0,
          0,
          null,
          0,
          0,
          null,
          0,
          null,
          null,
          null,
          1,
          0,
          0,
          null,
          null,
          0,
          0,
          null,
          0,
          null,
          null,
          1,
          844,
          844,
          844,
          844,
          844,
          844,
          null,
          844,
          844,
          844,
          null,
          null,
          1,
          510,
          510,
          510,
          510,
          510,
          510,
          null,
          510,
          510,
          510,
          null,
          null,
          1,
          553,
          553,
          553,
          525,
          null,
          28,
          null,
          553,
          553,
          553,
          null,
          null,
          1,
          4102,
          3788,
          306,
          null,
          null,
          null,
          3788,
          null,
          4102,
          null,
          null,
          1,
          2568,
          2173,
          2173,
          2173,
          2173,
          2173,
          2173,
          2173,
          2173,
          2173,
          2173,
          null,
          2568,
          null,
          null,
          1,
          431,
          431,
          null,
          null,
          1,
          89,
          89,
          89,
          89,
          89,
          89,
          89,
          89,
          89,
          89,
          89,
          89,
          89,
          89,
          89,
          89,
          89,
          null,
          null,
          89,
          89,
          null,
          89,
          null,
          null,
          89,
          null,
          null,
          1,
          89,
          89,
          null,
          89,
          4,
          null,
          85,
          85,
          85,
          85,
          85,
          85,
          85,
          85,
          85,
          85,
          85,
          85,
          85,
          85,
          85,
          85,
          null,
          85,
          null,
          89,
          null,
          89,
          null,
          null,
          1,
          483,
          483,
          483,
          483,
          483,
          483,
          483,
          483,
          483,
          null,
          null,
          1,
          574,
          574,
          574,
          574,
          null,
          null,
          1,
          null,
          null,
          0,
          null,
          0,
          0,
          0,
          0,
          0,
          0,
          0,
          null,
          null,
          0,
          0,
          0,
          0,
          null,
          null,
          0,
          0,
          0,
          0,
          0,
          0,
          0,
          0,
          null,
          null,
          0,
          0,
          0,
          0,
          0,
          null,
          null,
          1,
          89,
          24,
          null,
          65,
          null,
          null,
          null,
          null,
          1,
          24,
          24,
          null,
          null,
          24,
          null,
          24,
          null,
          24,
          null,
          23,
          23,
          23,
          23,
          null,
          0,
          null,
          23,
          null,
          null,
          23,
          23,
          23,
          null,
          23,
          23,
          null,
          0,
          null,
          23,
          null,
          null,
          23,
          15,
          15,
          15,
          null,
          0,
          null,
          15,
          null,
          null,
          null,
          23,
          18,
          18,
          18,
          null,
          0,
          null,
          18,
          null,
          null,
          null,
          null,
          null,
          1,
          65,
          65,
          null,
          null,
          65,
          null,
          null,
          65,
          64,
          null,
          1,
          null,
          65,
          null,
          null,
          65,
          65,
          65,
          65,
          64,
          null,
          1,
          null,
          65,
          null,
          null,
          65,
          38,
          38,
          37,
          null,
          1,
          null,
          38,
          null,
          null,
          null,
          65,
          3,
          3,
          3,
          null,
          0,
          null,
          3,
          null,
          null,
          null,
          1,
          14,
          14,
          14,
          14,
          14,
          10,
          4,
          2,
          2,
          2,
          null,
          null,
          14,
          14,
          14,
          14,
          14,
          null,
          14,
          null,
          null,
          1,
          null,
          14,
          14,
          14,
          116,
          null,
          14,
          null,
          null,
          1,
          70,
          70,
          70,
          null,
          null,
          1,
          72,
          null,
          null,
          1,
          null,
          null,
          27,
          27,
          27,
          null,
          null,
          1,
          72,
          72,
          72,
          null,
          null,
          1,
          27,
          null,
          27,
          27,
          null,
          null,
          1,
          null,
          1,
          89,
          89,
          89,
          89,
          89,
          null,
          null
        ]
      },
      "/Users/djnewman/Documents/Code/cmr-opensearch-mimemagic/app/models/granule.rb": {
        "lines": [
          1,
          null,
          null,
          1,
          1,
          null,
          1,
          null,
          1,
          null,
          1,
          23,
          23,
          23,
          23,
          23,
          23,
          23,
          null,
          22,
          22,
          22,
          22,
          null,
          22,
          22,
          null,
          22,
          22,
          null,
          null,
          null,
          1,
          29,
          29,
          29,
          29,
          620,
          180,
          180,
          null,
          180,
          3841,
          180,
          3661,
          null,
          null,
          1007,
          null,
          null,
          199,
          null,
          808,
          808,
          null,
          2654,
          180,
          2474,
          180,
          2294,
          180,
          2114,
          6,
          null,
          3841,
          null,
          null,
          180,
          180,
          180,
          180,
          180,
          180,
          null,
          180,
          2294,
          null,
          180,
          null,
          null,
          29,
          29,
          29,
          29,
          29,
          29,
          29,
          null,
          null,
          29,
          null,
          null,
          1,
          180,
          180,
          180,
          180,
          180,
          180,
          null,
          180,
          null,
          180,
          0,
          null,
          180,
          null,
          null,
          null,
          null,
          1,
          808,
          null,
          808,
          null,
          808,
          null,
          808,
          null,
          null,
          null,
          1,
          3,
          3,
          65,
          21,
          21,
          null,
          null,
          3,
          null,
          null,
          1,
          0,
          0,
          0,
          null,
          0,
          0,
          0,
          null,
          null,
          1,
          27,
          27,
          27,
          27,
          27,
          27,
          27,
          null,
          27,
          27,
          27,
          null,
          null,
          1,
          91,
          1,
          1,
          null,
          1,
          1,
          null,
          1,
          1,
          null,
          null,
          null,
          null,
          null,
          1,
          null,
          null,
          1,
          29,
          29,
          29,
          null,
          29,
          180,
          null,
          29,
          22,
          22,
          null,
          29,
          null,
          null,
          null
        ]
      },
      "/Users/djnewman/Documents/Code/cmr-opensearch-mimemagic/app/models/health.rb": {
        "lines": [
          1,
          null,
          null,
          1,
          5,
          null,
          null,
          1,
          7,
          null,
          null,
          1,
          null,
          1,
          5,
          5,
          5,
          5,
          4,
          null,
          1,
          null,
          5,
          null,
          null
        ]
      },
      "/Users/djnewman/Documents/Code/cmr-opensearch-mimemagic/app/services/eosdis_tagger.rb": {
        "lines": [
          null,
          null,
          null,
          null,
          null,
          1,
          null,
          null,
          1,
          1,
          null,
          1,
          null,
          1,
          null,
          1,
          1,
          1,
          1,
          null,
          null,
          1,
          1,
          1,
          1,
          null,
          null,
          null,
          1,
          1,
          1,
          1,
          1,
          1,
          22,
          null,
          1,
          null,
          1,
          1,
          null,
          null,
          null,
          1,
          1,
          1,
          1,
          1,
          1,
          1,
          null,
          1,
          1,
          null,
          null,
          1,
          null,
          2,
          2,
          0,
          null,
          0,
          null,
          2,
          null,
          null,
          null,
          null,
          1,
          null,
          2,
          2,
          2,
          0,
          null,
          0,
          null,
          2,
          2,
          68,
          68,
          null,
          2,
          null,
          null,
          null,
          1,
          22,
          22,
          22,
          null,
          22,
          22,
          null,
          null,
          null,
          22,
          null,
          null,
          22,
          22,
          20,
          20,
          20,
          null,
          null,
          20,
          0,
          0,
          null,
          20,
          20,
          null,
          null,
          null,
          0,
          null,
          null,
          null,
          null,
          null,
          1,
          1,
          1,
          1,
          22,
          22,
          22,
          null,
          22,
          22,
          null,
          null,
          null,
          22,
          null,
          null,
          22,
          22,
          20,
          20,
          null,
          null,
          0,
          null,
          null,
          null,
          1,
          1,
          1,
          null,
          null,
          1,
          null,
          1,
          null,
          null,
          1,
          0,
          null,
          1,
          null,
          null,
          null,
          null,
          null,
          1,
          2,
          2,
          null,
          2,
          2,
          null,
          2,
          2,
          null,
          null
        ]
      },
      "/Users/djnewman/Documents/Code/cmr-opensearch-mimemagic/app/services/place_name_to_point.rb": {
        "lines": [
          1,
          null,
          1,
          1,
          1,
          null,
          1,
          3,
          null,
          null,
          1,
          4,
          4,
          4,
          null,
          4,
          4,
          4,
          null,
          4,
          null,
          null,
          1,
          1,
          1,
          1,
          null,
          null
        ]
      },
      "/Users/djnewman/Documents/Code/cmr-opensearch-mimemagic/app/services/well_formed_text.rb": {
        "lines": [
          1,
          null,
          1,
          1,
          4,
          null,
          4,
          null,
          4,
          4,
          1,
          1,
          3,
          null,
          1,
          null,
          4,
          2,
          2,
          9,
          null,
          2,
          null,
          4,
          null,
          null,
          1,
          null,
          null,
          null
        ]
      },
      "/Users/djnewman/Documents/Code/cmr-opensearch-mimemagic/app/models/facet.rb": {
        "lines": [
          1,
          null,
          null,
          1,
          null,
          null,
          null,
          null,
          null,
          null,
          null,
          null,
          null,
          null,
          null,
          null,
          null,
          null,
          null,
          1,
          49,
          49,
          49,
          49,
          49,
          49,
          null,
          null,
          1,
          0,
          null,
          null,
          1,
          9,
          9,
          null,
          9,
          null,
          2,
          null,
          7,
          null,
          null,
          9,
          9,
          9,
          null,
          null,
          null,
          null,
          null,
          1,
          2,
          2,
          2,
          null,
          10,
          10,
          4608,
          110,
          null,
          null,
          null,
          2,
          null,
          null,
          null,
          1,
          49,
          49,
          49,
          49,
          10,
          null,
          10,
          null,
          1,
          null,
          null,
          7,
          7,
          null,
          7,
          7,
          null,
          2,
          2,
          null,
          null,
          0,
          null,
          null,
          39,
          null,
          42,
          null,
          null,
          1,
          9,
          9,
          9,
          127,
          127,
          127,
          45,
          45,
          null,
          11338,
          null,
          null,
          null,
          null,
          null,
          11338,
          null,
          null,
          null,
          45,
          null,
          null,
          null,
          null,
          null,
          null,
          null,
          45,
          45,
          null,
          null,
          null,
          null,
          9,
          null,
          null,
          null,
          null,
          null,
          null,
          null,
          null,
          null,
          null,
          9,
          9,
          null,
          9,
          null,
          null,
          null
        ]
      },
      "/Users/djnewman/Documents/Code/cmr-opensearch-mimemagic/app/models/token.rb": {
        "lines": [
          0,
          null,
          0,
          null,
          0,
          0,
          0,
          0,
          0,
          0,
          0,
          0,
          0,
          0,
          null,
          0,
          0,
          0,
          null,
          0,
          0,
          0,
          0
        ],
        "branches": {
        }
      },
      "/Users/djnewman/Documents/Code/cmr-opensearch-mimemagic/app/jobs/job_base.rb": {
        "lines": [
          0,
          null,
          0,
          0,
          0,
          0,
          0,
          0,
          0,
          0,
          0,
          null,
          0
        ],
        "branches": {
        }
      },
      "/Users/djnewman/Documents/Code/cmr-opensearch-mimemagic/app/jobs/memory_profiler.rb": {
        "lines": [
          0,
          0,
          0,
          0,
          0,
          null,
          0,
          0,
          0
        ],
        "branches": {
        }
      },
      "/Users/djnewman/Documents/Code/cmr-opensearch-mimemagic/app/helpers/granules_helper.rb": {
        "lines": [
          0,
          0,
          0,
          0,
          null,
          0,
          0,
          0,
          0,
          0,
          0,
          0,
          0,
          0,
          0,
          0,
          0,
          0,
          0,
          0,
          0,
          0,
          0,
          0,
          0,
          0,
          0,
          0,
          0,
          0,
          0,
          0
        ],
        "branches": {
        }
      },
      "/Users/djnewman/Documents/Code/cmr-opensearch-mimemagic/app/helpers/collections_helper.rb": {
        "lines": [
          0,
          0,
          0,
          0,
          0,
          0,
          0
        ],
        "branches": {
        }
      },
      "/Users/djnewman/Documents/Code/cmr-opensearch-mimemagic/app/helpers/home_helper.rb": {
        "lines": [
          0,
          0
        ],
        "branches": {
        }
      },
      "/Users/djnewman/Documents/Code/cmr-opensearch-mimemagic/app/helpers/application_helper.rb": {
        "lines": [
          0,
          0,
          0,
          0,
          0,
          0,
          0,
          0,
          0,
          0,
          null,
          0,
          null,
          0,
          0,
          null,
          0,
          0,
          0,
          0,
          0,
          null,
          0,
          0,
          0,
          null,
          0,
          0,
          0,
          null,
          0,
          null,
          0,
          0,
          0,
          0,
          0,
          0,
          0,
          0,
          0,
          0,
          0,
          null,
          0,
          0,
          0,
          0,
          0,
          0,
          0,
          0,
          0,
          0,
          0,
          0,
          null,
          0,
          0,
          0,
          0,
          0,
          0,
          null,
          0,
          0,
          0,
          0,
          null,
          0,
          0,
          0,
          0,
          null,
          0,
          0,
          null,
          0,
          0,
          null,
          0,
          0,
          0,
          0,
          null,
          0,
          0,
          0,
          0,
          null,
          0,
          0,
          0,
          0,
          null,
          0,
          0,
          null,
          0,
          0,
          null,
          0,
          0,
          0,
          0,
          null,
          0,
          0,
          0,
          0,
          0,
          0
        ],
        "branches": {
        }
      },
      "/Users/djnewman/Documents/Code/cmr-opensearch-mimemagic/app/services/connection_verifier.rb": {
        "lines": [
          null,
          null,
          null,
          null,
          0,
          null,
          0,
          null,
          0,
          0,
          0,
          0,
          0,
          0,
          0,
          0,
          0,
          null,
          null,
          0
        ],
        "branches": {
        }
      }
    },
    "timestamp": 1617045368
  },
  "Cucumber Features": {
    "coverage": {
      "/Users/djnewman/Documents/Code/cmr-opensearch-mimemagic/app/controllers/collections_controller.rb": {
        "lines": [
          1,
          1,
          1,
          1,
          null,
          null,
          1,
          4,
          null,
          4,
          null,
          4,
          3,
          3,
          null,
          null,
          1,
          2,
          1,
          1,
          null,
          null,
          null,
          1,
          0,
          null,
          0,
          null,
          0,
          0,
          0,
          null,
          null,
          0,
          0,
          0,
          0,
          null,
          null,
          null,
          null,
          1,
          151,
          151,
          null,
          151,
          151,
          0,
          null,
          151,
          null,
          null,
          151,
          151,
          151,
          151,
          151,
          151,
          151,
          151,
          151,
          151,
          null,
          151,
          151,
          151,
          151,
          151,
          151,
          null,
          136,
          136,
          136,
          0,
          null,
          136,
          null,
          129,
          129,
          null,
          129,
          77,
          77,
          null,
          null,
          null,
          7,
          null,
          null,
          151,
          151,
          59,
          52,
          0,
          null,
          52,
          52,
          null,
          7,
          7,
          7,
          null,
          0,
          0,
          null,
          0,
          null,
          null,
          null,
          null,
          151,
          null,
          null,
          144,
          null,
          null,
          1,
          null,
          1,
          151,
          null,
          null,
          null
        ]
      },
      "/Users/djnewman/Documents/Code/cmr-opensearch-mimemagic/app/controllers/application_controller.rb": {
        "lines": [
          1,
          1,
          null,
          1,
          255,
          255,
          255,
          255,
          null,
          255,
          null,
          null,
          1,
          255,
          255,
          255,
          255,
          2597,
          255,
          null,
          null,
          1,
          0,
          0,
          0,
          null,
          null,
          0,
          null,
          null,
          1,
          null,
          1,
          269,
          null,
          null,
          269,
          null,
          161,
          null,
          161,
          161,
          161,
          null,
          null,
          269,
          269,
          269,
          null,
          null,
          269,
          269,
          0,
          0,
          null,
          269,
          269,
          null,
          null,
          null,
          1,
          269,
          269,
          269,
          269,
          269,
          269,
          269,
          269,
          269,
          null,
          269,
          269,
          null,
          null,
          269,
          269,
          269,
          269,
          269,
          null,
          null,
          null
        ]
      },
      "/Users/djnewman/Documents/Code/cmr-opensearch-mimemagic/app/helpers/application_helper.rb": {
        "lines": [
          1,
          1,
          161,
          161,
          90,
          71,
          2,
          null,
          161,
          null,
          null,
          1,
          null,
          483,
          483,
          null,
          483,
          483,
          483,
          483,
          null,
          null,
          1,
          322,
          null,
          null,
          1,
          0,
          null,
          null,
          1,
          null,
          407,
          407,
          145,
          145,
          145,
          145,
          145,
          145,
          null,
          407,
          null,
          null,
          1,
          407,
          407,
          24,
          24,
          24,
          24,
          24,
          24,
          null,
          407,
          null,
          null,
          1,
          161,
          161,
          161,
          161,
          161,
          null,
          161,
          161,
          161,
          161,
          null,
          161,
          161,
          161,
          161,
          null,
          161,
          null,
          null,
          1,
          92,
          null,
          92,
          92,
          92,
          92,
          null,
          92,
          92,
          92,
          92,
          null,
          92,
          92,
          92,
          92,
          null,
          92,
          null,
          null,
          1,
          460,
          null,
          460,
          460,
          460,
          460,
          null,
          460,
          460,
          460,
          460,
          null,
          null
        ]
      },
      "/Users/djnewman/Documents/Code/cmr-opensearch-mimemagic/app/helpers/collections_helper.rb": {
        "lines": [
          1,
          1,
          66,
          66,
          66,
          null,
          null
        ]
      },
      "/Users/djnewman/Documents/Code/cmr-opensearch-mimemagic/app/helpers/granules_helper.rb": {
        "lines": [
          1,
          1,
          0,
          null,
          null,
          1,
          0,
          0,
          0,
          0,
          null,
          0,
          null,
          0,
          0,
          0,
          0,
          0,
          null,
          0,
          0,
          0,
          0,
          0,
          null,
          null,
          null,
          null,
          null,
          0,
          null,
          null
        ]
      },
      "/Users/djnewman/Documents/Code/cmr-opensearch-mimemagic/app/helpers/home_helper.rb": {
        "lines": [
          1,
          null
        ]
      },
      "/Users/djnewman/Documents/Code/cmr-opensearch-mimemagic/app/models/collection.rb": {
        "lines": [
          1,
          null,
          1,
          1,
          null,
          1,
          136,
          136,
          136,
          136,
          136,
          136,
          136,
          136,
          null,
          129,
          null,
          129,
          129,
          null,
          129,
          129,
          null,
          129,
          129,
          null,
          null,
          null,
          1,
          77,
          null,
          77,
          1489,
          379,
          379,
          379,
          5126,
          5126,
          5126,
          5126,
          5126,
          5126,
          5126,
          null,
          379,
          null,
          null,
          77,
          null,
          null,
          null,
          1,
          null,
          129,
          129,
          129,
          null,
          129,
          3279,
          129,
          null,
          3279,
          482,
          482,
          482,
          482,
          482,
          482,
          482,
          482,
          482,
          482,
          482,
          482,
          482,
          482,
          482,
          482,
          482,
          null,
          482,
          482,
          482,
          null,
          13232,
          13232,
          null,
          13232,
          null,
          13232,
          null,
          13232,
          13232,
          null,
          13232,
          13232,
          13232,
          13232,
          13232,
          13232,
          13232,
          13232,
          13232,
          13232,
          13232,
          13232,
          null,
          13232,
          13232,
          13232,
          7,
          7,
          7,
          7,
          null,
          null,
          null,
          482,
          482,
          34,
          34,
          null,
          null,
          482,
          0,
          0,
          null,
          482,
          116,
          null,
          482,
          119,
          119,
          0,
          0,
          0,
          null,
          119,
          119,
          119,
          null,
          null,
          null,
          null,
          482,
          null,
          482,
          482,
          null,
          482,
          4678,
          null,
          482,
          482,
          482,
          482,
          482,
          null,
          null,
          null,
          null,
          129,
          129,
          129,
          129,
          129,
          129,
          129,
          129,
          129,
          129,
          null,
          129,
          null,
          null,
          null,
          null,
          null,
          1,
          6,
          6,
          6,
          6,
          16,
          null,
          6,
          3,
          null,
          null,
          6,
          null,
          null,
          null,
          null,
          null,
          1,
          13232,
          13232,
          7,
          7,
          7,
          0,
          null,
          0,
          null,
          null,
          null,
          13232,
          null,
          null,
          null,
          null,
          1,
          7,
          7,
          7,
          7,
          19,
          null,
          7,
          2,
          null,
          null,
          7,
          null,
          null,
          null,
          null,
          null,
          1,
          482,
          482,
          482,
          482,
          482,
          482,
          null,
          0,
          null,
          482,
          22,
          29,
          0,
          0,
          null,
          null,
          null,
          null,
          482,
          null,
          null,
          null,
          null,
          1,
          7,
          7,
          7,
          7,
          19,
          null,
          7,
          0,
          null,
          null,
          7,
          null,
          null,
          null,
          null,
          1,
          7,
          7,
          7,
          7,
          19,
          null,
          7,
          0,
          null,
          null,
          7,
          null,
          null,
          null,
          1,
          0,
          0,
          0,
          0,
          null,
          0,
          0,
          0,
          null,
          null,
          1,
          136,
          136,
          136,
          136,
          136,
          136,
          136,
          136,
          136,
          null,
          null,
          136,
          136,
          136,
          null,
          136,
          null,
          136,
          2,
          2,
          null,
          null,
          136,
          0,
          0,
          null,
          null,
          136,
          0,
          0,
          null,
          null,
          136,
          null,
          136,
          136,
          0,
          0,
          null,
          null,
          136,
          136,
          null,
          null,
          1,
          2,
          2,
          2,
          2,
          null,
          null,
          1,
          0,
          0,
          0,
          0,
          null,
          null,
          1,
          0,
          0,
          0,
          0,
          null,
          null,
          1,
          0,
          0,
          0,
          0,
          null,
          null,
          null,
          1,
          0,
          0,
          0,
          0,
          0,
          null,
          null,
          0,
          null,
          null
        ]
      },
      "/Users/djnewman/Documents/Code/cmr-opensearch-mimemagic/app/models/metadata.rb": {
        "lines": [
          1,
          1,
          null,
          1,
          null,
          1,
          null,
          1,
          1,
          null,
          1,
          null,
          null,
          null,
          null,
          null,
          null,
          1,
          null,
          null,
          null,
          null,
          null,
          null,
          1,
          1,
          1,
          null,
          1,
          1,
          1,
          null,
          1,
          1,
          1,
          1,
          1,
          1,
          1,
          1,
          1,
          null,
          null,
          1,
          1,
          1,
          null,
          1,
          null,
          null,
          1,
          1,
          1,
          1,
          null,
          1,
          null,
          1,
          null,
          1,
          269,
          269,
          2480,
          2476,
          null,
          null,
          4,
          4,
          null,
          null,
          null,
          null,
          1,
          0,
          null,
          null,
          1,
          377,
          0,
          null,
          null,
          null,
          1,
          377,
          11,
          null,
          null,
          null,
          1,
          377,
          377,
          null,
          6,
          null,
          null,
          377,
          377,
          null,
          6,
          null,
          null,
          null,
          1,
          377,
          40,
          40,
          40,
          38,
          38,
          38,
          38,
          null,
          2,
          null,
          null,
          null,
          null,
          1,
          377,
          24,
          24,
          6,
          null,
          18,
          18,
          18,
          18,
          null,
          null,
          null,
          null,
          1,
          377,
          0,
          0,
          0,
          null,
          null,
          null,
          1,
          36,
          36,
          36,
          0,
          0,
          null,
          36,
          0,
          0,
          null,
          null,
          36,
          null,
          null,
          1,
          36,
          36,
          null,
          36,
          0,
          0,
          null,
          36,
          0,
          0,
          null,
          null,
          36,
          null,
          null,
          1,
          198,
          null,
          null,
          1,
          407,
          407,
          407,
          5426,
          5426,
          5426,
          5426,
          5426,
          5426,
          5426,
          5426,
          5426,
          5426,
          5426,
          450,
          450,
          450,
          450,
          450,
          450,
          450,
          450,
          384,
          null,
          66,
          null,
          null,
          null,
          null,
          407,
          null,
          null,
          null,
          1,
          null,
          198,
          null,
          198,
          198,
          198,
          198,
          198,
          198,
          198,
          198,
          null,
          198,
          198,
          198,
          2456,
          198,
          198,
          2258,
          563,
          null,
          null,
          null,
          198,
          null,
          198,
          null,
          198,
          null,
          null,
          198,
          null,
          198,
          198,
          198,
          198,
          166,
          166,
          166,
          166,
          null,
          166,
          0,
          null,
          166,
          166,
          null,
          166,
          166,
          166,
          null,
          198,
          null,
          null,
          1,
          166,
          null,
          null,
          null,
          1,
          206,
          null,
          206,
          206,
          206,
          206,
          null,
          null,
          206,
          206,
          206,
          206,
          206,
          null,
          206,
          206,
          null,
          206,
          null,
          206,
          0,
          0,
          0,
          0,
          null,
          null,
          206,
          0,
          0,
          0,
          null,
          null,
          206,
          0,
          0,
          0,
          null,
          null,
          206,
          null,
          206,
          20,
          null,
          null,
          null,
          null,
          206,
          null,
          null,
          null,
          1,
          0,
          0,
          0,
          0,
          null,
          0,
          0,
          null,
          0,
          null,
          null,
          null,
          1,
          0,
          0,
          null,
          null,
          0,
          0,
          null,
          0,
          null,
          null,
          1,
          751,
          751,
          751,
          751,
          751,
          751,
          null,
          751,
          751,
          751,
          null,
          null,
          1,
          1059,
          1059,
          1059,
          1059,
          1059,
          1059,
          null,
          1059,
          1059,
          1059,
          null,
          null,
          1,
          206,
          206,
          206,
          157,
          null,
          49,
          null,
          206,
          206,
          206,
          null,
          null,
          1,
          2075,
          2041,
          211,
          null,
          null,
          null,
          2041,
          null,
          2075,
          null,
          null,
          1,
          184,
          184,
          184,
          184,
          184,
          184,
          184,
          184,
          184,
          184,
          184,
          null,
          184,
          null,
          null,
          1,
          4,
          4,
          null,
          null,
          1,
          198,
          198,
          198,
          198,
          198,
          198,
          198,
          198,
          198,
          198,
          198,
          198,
          198,
          198,
          198,
          198,
          198,
          null,
          null,
          198,
          198,
          null,
          198,
          null,
          null,
          198,
          null,
          null,
          1,
          198,
          198,
          null,
          198,
          30,
          null,
          168,
          168,
          168,
          168,
          168,
          168,
          168,
          168,
          168,
          168,
          168,
          168,
          168,
          168,
          168,
          168,
          null,
          168,
          null,
          198,
          null,
          198,
          null,
          null,
          1,
          680,
          680,
          680,
          680,
          680,
          680,
          680,
          680,
          680,
          null,
          null,
          1,
          563,
          563,
          563,
          563,
          null,
          null,
          1,
          null,
          null,
          0,
          null,
          0,
          0,
          0,
          0,
          0,
          0,
          0,
          null,
          null,
          0,
          0,
          0,
          0,
          null,
          null,
          0,
          0,
          0,
          0,
          0,
          0,
          0,
          0,
          null,
          null,
          0,
          0,
          0,
          0,
          0,
          null,
          null,
          1,
          198,
          0,
          null,
          198,
          null,
          null,
          null,
          null,
          1,
          0,
          0,
          null,
          null,
          0,
          null,
          0,
          null,
          0,
          null,
          0,
          0,
          0,
          0,
          null,
          0,
          null,
          0,
          null,
          null,
          0,
          0,
          0,
          null,
          0,
          0,
          null,
          0,
          null,
          0,
          null,
          null,
          0,
          0,
          0,
          0,
          null,
          0,
          null,
          0,
          null,
          null,
          null,
          0,
          0,
          0,
          0,
          null,
          0,
          null,
          0,
          null,
          null,
          null,
          null,
          null,
          1,
          198,
          198,
          null,
          null,
          198,
          null,
          null,
          198,
          158,
          null,
          40,
          null,
          198,
          null,
          null,
          198,
          198,
          198,
          198,
          158,
          null,
          40,
          null,
          198,
          null,
          null,
          198,
          73,
          73,
          36,
          null,
          37,
          null,
          73,
          null,
          null,
          null,
          198,
          13,
          13,
          13,
          null,
          0,
          null,
          13,
          null,
          null,
          null,
          1,
          0,
          0,
          0,
          0,
          0,
          0,
          0,
          0,
          0,
          0,
          null,
          null,
          0,
          0,
          0,
          0,
          0,
          null,
          0,
          null,
          null,
          1,
          null,
          0,
          0,
          0,
          0,
          null,
          0,
          null,
          null,
          1,
          198,
          198,
          198,
          null,
          null,
          1,
          198,
          null,
          null,
          1,
          null,
          null,
          0,
          0,
          0,
          null,
          null,
          1,
          198,
          198,
          198,
          null,
          null,
          1,
          0,
          null,
          0,
          0,
          null,
          null,
          1,
          null,
          1,
          198,
          198,
          198,
          198,
          198,
          null,
          null
        ]
      },
      "/Users/djnewman/Documents/Code/cmr-opensearch-mimemagic/app/models/facet.rb": {
        "lines": [
          1,
          null,
          null,
          1,
          null,
          null,
          null,
          null,
          null,
          null,
          null,
          null,
          null,
          null,
          null,
          null,
          null,
          null,
          null,
          1,
          136,
          136,
          136,
          136,
          136,
          136,
          null,
          null,
          1,
          0,
          null,
          null,
          1,
          0,
          0,
          null,
          0,
          null,
          0,
          null,
          0,
          null,
          null,
          0,
          0,
          0,
          null,
          null,
          null,
          null,
          null,
          1,
          0,
          0,
          0,
          null,
          0,
          0,
          0,
          0,
          null,
          null,
          null,
          0,
          null,
          null,
          null,
          1,
          136,
          136,
          136,
          136,
          0,
          null,
          0,
          null,
          0,
          null,
          null,
          0,
          0,
          null,
          0,
          0,
          null,
          0,
          0,
          null,
          null,
          0,
          null,
          null,
          136,
          null,
          136,
          null,
          null,
          1,
          0,
          0,
          0,
          0,
          0,
          0,
          0,
          0,
          null,
          0,
          null,
          null,
          null,
          null,
          null,
          0,
          null,
          null,
          null,
          0,
          null,
          null,
          null,
          null,
          null,
          null,
          null,
          0,
          0,
          null,
          null,
          null,
          null,
          0,
          null,
          null,
          null,
          null,
          null,
          null,
          null,
          null,
          null,
          null,
          0,
          0,
          null,
          0,
          null,
          null,
          null
        ]
      },
      "/Users/djnewman/Documents/Code/cmr-opensearch-mimemagic/app/services/place_name_to_point.rb": {
        "lines": [
          1,
          null,
          1,
          1,
          1,
          null,
          1,
          11,
          null,
          null,
          1,
          15,
          15,
          15,
          null,
          15,
          15,
          15,
          null,
          15,
          null,
          null,
          1,
          4,
          4,
          4,
          null,
          null
        ]
      },
      "/Users/djnewman/Documents/Code/cmr-opensearch-mimemagic/app/services/well_formed_text.rb": {
        "lines": [
          1,
          null,
          1,
          1,
          24,
          null,
          24,
          null,
          24,
          24,
          8,
          8,
          16,
          null,
          8,
          null,
          24,
          8,
          8,
          36,
          null,
          8,
          null,
          24,
          null,
          null,
          1,
          null,
          null,
          null
        ]
      },
      "/Users/djnewman/Documents/Code/cmr-opensearch-mimemagic/app/controllers/home_controller.rb": {
        "lines": [
          1,
          null,
          1,
          0,
          null,
          null,
          1,
          null,
          null,
          null,
          1,
          null,
          null,
          null
        ]
      },
      "/Users/djnewman/Documents/Code/cmr-opensearch-mimemagic/app/controllers/granules_controller.rb": {
        "lines": [
          1,
          1,
          1,
          1,
          null,
          null,
          1,
          6,
          null,
          6,
          6,
          6,
          6,
          null,
          6,
          6,
          5,
          0,
          0,
          0,
          0,
          0,
          0,
          0,
          0,
          null,
          0,
          0,
          0,
          null,
          null,
          0,
          0,
          0,
          null,
          null,
          5,
          5,
          null,
          null,
          null,
          1,
          2,
          1,
          1,
          null,
          null,
          null,
          null,
          null,
          null,
          1,
          null,
          118,
          null,
          null,
          null,
          118,
          118,
          null,
          118,
          118,
          null,
          118,
          118,
          118,
          118,
          118,
          null,
          33,
          null,
          85,
          null,
          null,
          null,
          null,
          null,
          118,
          70,
          null,
          69,
          69,
          null,
          69,
          28,
          28,
          null,
          null,
          null,
          null,
          null,
          1,
          null,
          118,
          118,
          49,
          49,
          41,
          41,
          null,
          8,
          8,
          8,
          1,
          null,
          7,
          null,
          null,
          0,
          null,
          0,
          null,
          null,
          null,
          null,
          118,
          69,
          32,
          null,
          null,
          null,
          111,
          null,
          null,
          null,
          null,
          null,
          null,
          null,
          null,
          1,
          null,
          1,
          118,
          null,
          118,
          118,
          null,
          null,
          null,
          null,
          null,
          null,
          1,
          118,
          118,
          32,
          null,
          118,
          null,
          null
        ]
      },
      "/Users/djnewman/Documents/Code/cmr-opensearch-mimemagic/app/models/granule.rb": {
        "lines": [
          1,
          null,
          null,
          1,
          1,
          null,
          1,
          null,
          1,
          null,
          1,
          70,
          70,
          70,
          70,
          70,
          70,
          70,
          null,
          69,
          69,
          69,
          69,
          null,
          69,
          69,
          null,
          69,
          69,
          null,
          null,
          null,
          1,
          69,
          69,
          69,
          69,
          1360,
          81,
          81,
          null,
          81,
          1999,
          81,
          1918,
          null,
          null,
          71,
          null,
          null,
          10,
          null,
          61,
          61,
          null,
          1847,
          81,
          1766,
          27,
          1739,
          26,
          1713,
          0,
          null,
          1999,
          null,
          null,
          81,
          81,
          81,
          81,
          81,
          81,
          null,
          81,
          1685,
          null,
          81,
          null,
          null,
          69,
          69,
          69,
          69,
          69,
          69,
          69,
          null,
          null,
          69,
          null,
          null,
          1,
          81,
          81,
          81,
          81,
          81,
          81,
          null,
          81,
          null,
          81,
          0,
          null,
          81,
          null,
          null,
          null,
          null,
          1,
          61,
          null,
          61,
          null,
          61,
          null,
          61,
          null,
          null,
          null,
          1,
          28,
          28,
          426,
          28,
          28,
          null,
          null,
          28,
          null,
          null,
          1,
          0,
          0,
          0,
          null,
          0,
          0,
          0,
          null,
          null,
          1,
          70,
          70,
          70,
          70,
          70,
          70,
          70,
          null,
          70,
          70,
          70,
          null,
          null,
          1,
          167,
          8,
          8,
          null,
          8,
          8,
          null,
          8,
          8,
          null,
          null,
          null,
          null,
          null,
          1,
          null,
          null,
          1,
          69,
          69,
          69,
          null,
          69,
          81,
          null,
          69,
          52,
          52,
          null,
          69,
          null,
          null,
          null
        ]
      },
      "/Users/djnewman/Documents/Code/cmr-opensearch-mimemagic/app/models/client_id.rb": {
        "lines": [
          1,
          1,
          1,
          1,
          null,
          1,
          1,
          null,
          null,
          1,
          10,
          78,
          null,
          null,
          null,
          1,
          0,
          null,
          null
        ]
      },
      "/Users/djnewman/Documents/Code/cmr-opensearch-mimemagic/app/models/health.rb": {
        "lines": [
          0,
          null,
          null,
          0,
          0,
          0,
          null,
          0,
          0,
          0,
          null,
          0,
          null,
          0,
          0,
          0,
          0,
          0,
          0,
          0,
          0,
          0,
          0,
          0,
          0
        ],
        "branches": {
        }
      },
      "/Users/djnewman/Documents/Code/cmr-opensearch-mimemagic/app/models/token.rb": {
        "lines": [
          0,
          null,
          0,
          null,
          0,
          0,
          0,
          0,
          0,
          0,
          0,
          0,
          0,
          0,
          null,
          0,
          0,
          0,
          null,
          0,
          0,
          0,
          0
        ],
        "branches": {
        }
      },
      "/Users/djnewman/Documents/Code/cmr-opensearch-mimemagic/app/models/ceos_agency.rb": {
        "lines": [
          0,
          0,
          null,
          null,
          null,
          null,
          null,
          null,
          null,
          0,
          0,
          0,
          0,
          0,
          null,
          null,
          null,
          null,
          null,
          null,
          null,
          null,
          null,
          null,
          null,
          null,
          0,
          0,
          0,
          null,
          0,
          0,
          0,
          0,
          0,
          0,
          0,
          0,
          0,
          0,
          0,
          0,
          0,
          0,
          0,
          0,
          null,
          0,
          0,
          0,
          0,
          0,
          0,
          0,
          0,
          0,
          0,
          null,
          null,
          null,
          null,
          null,
          null,
          null,
          null,
          null,
          null,
          null,
          null,
          0,
          0,
          0,
          0,
          0,
          0,
          0,
          0,
          0
        ],
        "branches": {
        }
      },
      "/Users/djnewman/Documents/Code/cmr-opensearch-mimemagic/app/jobs/job_base.rb": {
        "lines": [
          0,
          null,
          0,
          0,
          0,
          0,
          0,
          0,
          0,
          0,
          0,
          null,
          0
        ],
        "branches": {
        }
      },
      "/Users/djnewman/Documents/Code/cmr-opensearch-mimemagic/app/jobs/memory_profiler.rb": {
        "lines": [
          0,
          0,
          0,
          0,
          0,
          null,
          0,
          0,
          0
        ],
        "branches": {
        }
      },
      "/Users/djnewman/Documents/Code/cmr-opensearch-mimemagic/app/controllers/health_controller.rb": {
        "lines": [
          0,
          0,
          null,
          0,
          0,
          0,
          0,
          0,
          0,
          0,
          0,
          0,
          0
        ],
        "branches": {
        }
      },
      "/Users/djnewman/Documents/Code/cmr-opensearch-mimemagic/app/services/connection_verifier.rb": {
        "lines": [
          null,
          null,
          null,
          null,
          0,
          null,
          0,
          null,
          0,
          0,
          0,
          0,
          0,
          0,
          0,
          0,
          0,
          null,
          null,
          0
        ],
        "branches": {
        }
      },
      "/Users/djnewman/Documents/Code/cmr-opensearch-mimemagic/app/services/eosdis_tagger.rb": {
        "lines": [
          null,
          null,
          null,
          null,
          null,
          0,
          null,
          null,
          0,
          0,
          null,
          0,
          null,
          0,
          null,
          0,
          0,
          0,
          0,
          null,
          null,
          0,
          0,
          0,
          0,
          0,
          null,
          null,
          0,
          0,
          0,
          0,
          0,
          0,
          0,
          0,
          0,
          0,
          0,
          0,
          0,
          null,
          null,
          0,
          0,
          0,
          0,
          0,
          0,
          0,
          0,
          0,
          0,
          0,
          null,
          0,
          null,
          0,
          0,
          0,
          null,
          0,
          0,
          0,
          0,
          0,
          null,
          null,
          0,
          null,
          0,
          0,
          0,
          0,
          null,
          0,
          0,
          0,
          0,
          0,
          0,
          0,
          0,
          0,
          0,
          null,
          0,
          0,
          0,
          0,
          null,
          0,
          0,
          null,
          null,
          null,
          0,
          0,
          0,
          0,
          0,
          0,
          0,
          0,
          0,
          0,
          0,
          0,
          0,
          0,
          0,
          0,
          0,
          0,
          0,
          0,
          0,
          0,
          0,
          null,
          null,
          0,
          0,
          0,
          0,
          0,
          0,
          0,
          null,
          0,
          0,
          null,
          null,
          null,
          0,
          0,
          0,
          0,
          0,
          0,
          0,
          0,
          0,
          0,
          0,
          0,
          0,
          0,
          0,
          0,
          0,
          0,
          0,
          null,
          0,
          0,
          0,
          0,
          0,
          0,
          0,
          0,
          0,
          0,
          null,
          null,
          0,
          0,
          0,
          null,
          0,
          0,
          null,
          0,
          0,
          0,
          0
        ],
        "branches": {
        }
      }
    },
    "timestamp": 1617045389
  }
}
